{"/Users/tusharanand/Desktop/project-FitTrack/src/services/clients.service.ts": {"path":"/Users/tusharanand/Desktop/project-FitTrack/src/services/clients.service.ts","statementMap":{"0":{"start":{"line":6,"column":0},"end":{"line":6,"column":7}},"1":{"start":{"line":10,"column":0},"end":{"line":10,"column":7}},"2":{"start":{"line":14,"column":0},"end":{"line":14,"column":7}},"3":{"start":{"line":18,"column":0},"end":{"line":18,"column":7}},"4":{"start":{"line":22,"column":0},"end":{"line":22,"column":7}},"5":{"start":{"line":26,"column":0},"end":{"line":26,"column":7}},"6":{"start":{"line":1,"column":0},"end":{"line":1,"column":61}},"7":{"start":{"line":4,"column":19},"end":{"line":4,"column":28}},"8":{"start":{"line":7,"column":2},"end":{"line":7,"column":53}},"9":{"start":{"line":11,"column":2},"end":{"line":11,"column":35}},"10":{"start":{"line":15,"column":2},"end":{"line":15,"column":37}},"11":{"start":{"line":19,"column":2},"end":{"line":19,"column":49}},"12":{"start":{"line":23,"column":2},"end":{"line":23,"column":40}},"13":{"start":{"line":27,"column":2},"end":{"line":27,"column":80}}},"fnMap":{"0":{"name":"createClient","decl":{"start":{"line":6,"column":22},"end":{"line":6,"column":34}},"loc":{"start":{"line":6,"column":50},"end":{"line":8,"column":1}}},"1":{"name":"listClients","decl":{"start":{"line":10,"column":22},"end":{"line":10,"column":33}},"loc":{"start":{"line":10,"column":33},"end":{"line":12,"column":1}}},"2":{"name":"getClient","decl":{"start":{"line":14,"column":22},"end":{"line":14,"column":31}},"loc":{"start":{"line":14,"column":42},"end":{"line":16,"column":1}}},"3":{"name":"updateClient","decl":{"start":{"line":18,"column":22},"end":{"line":18,"column":34}},"loc":{"start":{"line":18,"column":71},"end":{"line":20,"column":1}}},"4":{"name":"deleteClient","decl":{"start":{"line":22,"column":22},"end":{"line":22,"column":34}},"loc":{"start":{"line":22,"column":45},"end":{"line":24,"column":1}}},"5":{"name":"assignTrainer","decl":{"start":{"line":26,"column":22},"end":{"line":26,"column":35}},"loc":{"start":{"line":26,"column":71},"end":{"line":28,"column":1}}}},"branchMap":{},"s":{"0":1,"1":1,"2":1,"3":1,"4":1,"5":1,"6":1,"7":1,"8":1,"9":1,"10":1,"11":1,"12":1,"13":0},"f":{"0":1,"1":1,"2":1,"3":1,"4":1,"5":0},"b":{}}
,"/Users/tusharanand/Desktop/project-FitTrack/src/services/exercises.service.ts": {"path":"/Users/tusharanand/Desktop/project-FitTrack/src/services/exercises.service.ts","statementMap":{"0":{"start":{"line":6,"column":0},"end":{"line":6,"column":7}},"1":{"start":{"line":11,"column":0},"end":{"line":11,"column":7}},"2":{"start":{"line":15,"column":0},"end":{"line":15,"column":7}},"3":{"start":{"line":19,"column":0},"end":{"line":19,"column":7}},"4":{"start":{"line":23,"column":0},"end":{"line":23,"column":7}},"5":{"start":{"line":1,"column":0},"end":{"line":1,"column":61}},"6":{"start":{"line":4,"column":19},"end":{"line":4,"column":30}},"7":{"start":{"line":7,"column":2},"end":{"line":7,"column":66}},"8":{"start":{"line":7,"column":21},"end":{"line":7,"column":66}},"9":{"start":{"line":8,"column":2},"end":{"line":8,"column":55}},"10":{"start":{"line":12,"column":2},"end":{"line":12,"column":35}},"11":{"start":{"line":16,"column":2},"end":{"line":16,"column":37}},"12":{"start":{"line":20,"column":2},"end":{"line":20,"column":49}},"13":{"start":{"line":24,"column":2},"end":{"line":24,"column":40}}},"fnMap":{"0":{"name":"createExercise","decl":{"start":{"line":6,"column":22},"end":{"line":6,"column":36}},"loc":{"start":{"line":6,"column":54},"end":{"line":9,"column":1}}},"1":{"name":"listExercises","decl":{"start":{"line":11,"column":22},"end":{"line":11,"column":35}},"loc":{"start":{"line":11,"column":35},"end":{"line":13,"column":1}}},"2":{"name":"getExercise","decl":{"start":{"line":15,"column":22},"end":{"line":15,"column":33}},"loc":{"start":{"line":15,"column":44},"end":{"line":17,"column":1}}},"3":{"name":"updateExercise","decl":{"start":{"line":19,"column":22},"end":{"line":19,"column":36}},"loc":{"start":{"line":19,"column":75},"end":{"line":21,"column":1}}},"4":{"name":"deleteExercise","decl":{"start":{"line":23,"column":22},"end":{"line":23,"column":36}},"loc":{"start":{"line":23,"column":47},"end":{"line":25,"column":1}}}},"branchMap":{"0":{"loc":{"start":{"line":7,"column":2},"end":{"line":7,"column":66}},"type":"if","locations":[{"start":{"line":7,"column":2},"end":{"line":7,"column":66}},{"start":{},"end":{}}]}},"s":{"0":1,"1":1,"2":1,"3":1,"4":1,"5":1,"6":1,"7":1,"8":0,"9":1,"10":1,"11":2,"12":1,"13":1},"f":{"0":1,"1":1,"2":2,"3":1,"4":1},"b":{"0":[0,1]}}
,"/Users/tusharanand/Desktop/project-FitTrack/src/services/trainers.service.ts": {"path":"/Users/tusharanand/Desktop/project-FitTrack/src/services/trainers.service.ts","statementMap":{"0":{"start":{"line":6,"column":0},"end":{"line":6,"column":7}},"1":{"start":{"line":9,"column":0},"end":{"line":9,"column":7}},"2":{"start":{"line":12,"column":0},"end":{"line":12,"column":7}},"3":{"start":{"line":15,"column":0},"end":{"line":15,"column":7}},"4":{"start":{"line":18,"column":0},"end":{"line":18,"column":7}},"5":{"start":{"line":21,"column":0},"end":{"line":21,"column":7}},"6":{"start":{"line":1,"column":0},"end":{"line":1,"column":61}},"7":{"start":{"line":4,"column":19},"end":{"line":4,"column":29}},"8":{"start":{"line":7,"column":2},"end":{"line":7,"column":61}},"9":{"start":{"line":10,"column":2},"end":{"line":10,"column":37}},"10":{"start":{"line":13,"column":2},"end":{"line":13,"column":35}},"11":{"start":{"line":16,"column":2},"end":{"line":16,"column":46}},"12":{"start":{"line":19,"column":2},"end":{"line":19,"column":40}},"13":{"start":{"line":22,"column":18},"end":{"line":22,"column":45}},"14":{"start":{"line":23,"column":19},"end":{"line":23,"column":66}},"15":{"start":{"line":24,"column":2},"end":{"line":24,"column":58}},"16":{"start":{"line":24,"column":35},"end":{"line":24,"column":58}},"17":{"start":{"line":25,"column":2},"end":{"line":25,"column":47}}},"fnMap":{"0":{"name":"createProfile","decl":{"start":{"line":6,"column":22},"end":{"line":6,"column":35}},"loc":{"start":{"line":6,"column":59},"end":{"line":8,"column":1}}},"1":{"name":"getProfile","decl":{"start":{"line":9,"column":22},"end":{"line":9,"column":32}},"loc":{"start":{"line":9,"column":43},"end":{"line":11,"column":1}}},"2":{"name":"listProfiles","decl":{"start":{"line":12,"column":22},"end":{"line":12,"column":34}},"loc":{"start":{"line":12,"column":34},"end":{"line":14,"column":1}}},"3":{"name":"updateProfile","decl":{"start":{"line":15,"column":22},"end":{"line":15,"column":35}},"loc":{"start":{"line":15,"column":77},"end":{"line":17,"column":1}}},"4":{"name":"deleteProfile","decl":{"start":{"line":18,"column":22},"end":{"line":18,"column":35}},"loc":{"start":{"line":18,"column":46},"end":{"line":20,"column":1}}},"5":{"name":"assignClient","decl":{"start":{"line":21,"column":22},"end":{"line":21,"column":34}},"loc":{"start":{"line":21,"column":70},"end":{"line":26,"column":1}}}},"branchMap":{"0":{"loc":{"start":{"line":23,"column":19},"end":{"line":23,"column":66}},"type":"binary-expr","locations":[{"start":{"line":23,"column":19},"end":{"line":23,"column":60}},{"start":{"line":23,"column":64},"end":{"line":23,"column":66}}]},"1":{"loc":{"start":{"line":24,"column":2},"end":{"line":24,"column":58}},"type":"if","locations":[{"start":{"line":24,"column":2},"end":{"line":24,"column":58}},{"start":{},"end":{}}]}},"s":{"0":1,"1":1,"2":1,"3":1,"4":1,"5":1,"6":1,"7":1,"8":1,"9":1,"10":1,"11":1,"12":1,"13":0,"14":0,"15":0,"16":0,"17":0},"f":{"0":1,"1":1,"2":1,"3":1,"4":1,"5":0},"b":{"0":[0,0],"1":[0,0]}}
,"/Users/tusharanand/Desktop/project-FitTrack/src/services/workouts.service.ts": {"path":"/Users/tusharanand/Desktop/project-FitTrack/src/services/workouts.service.ts","statementMap":{"0":{"start":{"line":6,"column":0},"end":{"line":6,"column":7}},"1":{"start":{"line":9,"column":0},"end":{"line":9,"column":7}},"2":{"start":{"line":12,"column":0},"end":{"line":12,"column":7}},"3":{"start":{"line":15,"column":0},"end":{"line":15,"column":7}},"4":{"start":{"line":18,"column":0},"end":{"line":18,"column":7}},"5":{"start":{"line":1,"column":0},"end":{"line":1,"column":61}},"6":{"start":{"line":4,"column":19},"end":{"line":4,"column":29}},"7":{"start":{"line":7,"column":2},"end":{"line":7,"column":54}},"8":{"start":{"line":10,"column":2},"end":{"line":10,"column":35}},"9":{"start":{"line":13,"column":2},"end":{"line":13,"column":37}},"10":{"start":{"line":16,"column":2},"end":{"line":16,"column":49}},"11":{"start":{"line":19,"column":2},"end":{"line":19,"column":40}}},"fnMap":{"0":{"name":"createWorkout","decl":{"start":{"line":6,"column":22},"end":{"line":6,"column":35}},"loc":{"start":{"line":6,"column":52},"end":{"line":8,"column":1}}},"1":{"name":"listWorkouts","decl":{"start":{"line":9,"column":22},"end":{"line":9,"column":34}},"loc":{"start":{"line":9,"column":34},"end":{"line":11,"column":1}}},"2":{"name":"getWorkout","decl":{"start":{"line":12,"column":22},"end":{"line":12,"column":32}},"loc":{"start":{"line":12,"column":43},"end":{"line":14,"column":1}}},"3":{"name":"updateWorkout","decl":{"start":{"line":15,"column":22},"end":{"line":15,"column":35}},"loc":{"start":{"line":15,"column":73},"end":{"line":17,"column":1}}},"4":{"name":"deleteWorkout","decl":{"start":{"line":18,"column":22},"end":{"line":18,"column":35}},"loc":{"start":{"line":18,"column":46},"end":{"line":20,"column":1}}}},"branchMap":{},"s":{"0":1,"1":1,"2":1,"3":1,"4":1,"5":1,"6":1,"7":1,"8":1,"9":1,"10":1,"11":1},"f":{"0":1,"1":1,"2":1,"3":1,"4":1},"b":{}}
,"/Users/tusharanand/Desktop/project-FitTrack/src/validators/clients.validator.ts": {"path":"/Users/tusharanand/Desktop/project-FitTrack/src/validators/clients.validator.ts","statementMap":{"0":{"start":{"line":1,"column":0},"end":{"line":1,"column":22}},"1":{"start":{"line":3,"column":13},"end":{"line":11,"column":3}}},"fnMap":{},"branchMap":{},"s":{"0":1,"1":1},"f":{},"b":{}}
,"/Users/tusharanand/Desktop/project-FitTrack/src/validators/exercises.validator.ts": {"path":"/Users/tusharanand/Desktop/project-FitTrack/src/validators/exercises.validator.ts","statementMap":{"0":{"start":{"line":1,"column":0},"end":{"line":1,"column":22}},"1":{"start":{"line":3,"column":13},"end":{"line":9,"column":3}}},"fnMap":{},"branchMap":{},"s":{"0":1,"1":1},"f":{},"b":{}}
,"/Users/tusharanand/Desktop/project-FitTrack/src/validators/trainers.validator.ts": {"path":"/Users/tusharanand/Desktop/project-FitTrack/src/validators/trainers.validator.ts","statementMap":{"0":{"start":{"line":1,"column":0},"end":{"line":1,"column":22}},"1":{"start":{"line":3,"column":13},"end":{"line":8,"column":3}}},"fnMap":{},"branchMap":{},"s":{"0":1,"1":1},"f":{},"b":{}}
,"/Users/tusharanand/Desktop/project-FitTrack/src/validators/workouts.validator.ts": {"path":"/Users/tusharanand/Desktop/project-FitTrack/src/validators/workouts.validator.ts","statementMap":{"0":{"start":{"line":1,"column":0},"end":{"line":1,"column":22}},"1":{"start":{"line":3,"column":13},"end":{"line":17,"column":3}}},"fnMap":{},"branchMap":{},"s":{"0":1,"1":1},"f":{},"b":{}}
}
