TN:
SF:src/services/clients.service.ts
FN:6,createClient
FN:10,listClients
FN:14,getClient
FN:18,updateClient
FN:22,deleteClient
FN:26,assignTrainer
FNF:6
FNH:5
FNDA:1,createClient
FNDA:1,listClients
FNDA:1,getClient
FNDA:1,updateClient
FNDA:1,deleteClient
FNDA:0,assignTrainer
DA:1,1
DA:4,1
DA:6,1
DA:7,1
DA:10,1
DA:11,1
DA:14,1
DA:15,1
DA:18,1
DA:19,1
DA:22,1
DA:23,1
DA:26,1
DA:27,0
LF:14
LH:13
BRF:0
BRH:0
end_of_record
TN:
SF:src/services/exercises.service.ts
FN:6,createExercise
FN:11,listExercises
FN:15,getExercise
FN:19,updateExercise
FN:23,deleteExercise
FNF:5
FNH:5
FNDA:1,createExercise
FNDA:1,listExercises
FNDA:2,getExercise
FNDA:1,updateExercise
FNDA:1,deleteExercise
DA:1,1
DA:4,1
DA:6,1
DA:7,1
DA:8,1
DA:11,1
DA:12,1
DA:15,1
DA:16,2
DA:19,1
DA:20,1
DA:23,1
DA:24,1
LF:13
LH:13
BRDA:7,0,0,0
BRDA:7,0,1,1
BRF:2
BRH:1
end_of_record
TN:
SF:src/services/trainers.service.ts
FN:6,createProfile
FN:9,getProfile
FN:12,listProfiles
FN:15,updateProfile
FN:18,deleteProfile
FN:21,assignClient
FNF:6
FNH:5
FNDA:1,createProfile
FNDA:1,getProfile
FNDA:1,listProfiles
FNDA:1,updateProfile
FNDA:1,deleteProfile
FNDA:0,assignClient
DA:1,1
DA:4,1
DA:6,1
DA:7,1
DA:9,1
DA:10,1
DA:12,1
DA:13,1
DA:15,1
DA:16,1
DA:18,1
DA:19,1
DA:21,1
DA:22,0
DA:23,0
DA:24,0
DA:25,0
LF:17
LH:13
BRDA:23,0,0,0
BRDA:23,0,1,0
BRDA:24,1,0,0
BRDA:24,1,1,0
BRF:4
BRH:0
end_of_record
TN:
SF:src/services/workouts.service.ts
FN:6,createWorkout
FN:9,listWorkouts
FN:12,getWorkout
FN:15,updateWorkout
FN:18,deleteWorkout
FNF:5
FNH:5
FNDA:1,createWorkout
FNDA:1,listWorkouts
FNDA:1,getWorkout
FNDA:1,updateWorkout
FNDA:1,deleteWorkout
DA:1,1
DA:4,1
DA:6,1
DA:7,1
DA:9,1
DA:10,1
DA:12,1
DA:13,1
DA:15,1
DA:16,1
DA:18,1
DA:19,1
LF:12
LH:12
BRF:0
BRH:0
end_of_record
TN:
SF:src/validators/clients.validator.ts
FNF:0
FNH:0
DA:1,1
DA:3,1
LF:2
LH:2
BRF:0
BRH:0
end_of_record
TN:
SF:src/validators/exercises.validator.ts
FNF:0
FNH:0
DA:1,1
DA:3,1
LF:2
LH:2
BRF:0
BRH:0
end_of_record
TN:
SF:src/validators/trainers.validator.ts
FNF:0
FNH:0
DA:1,1
DA:3,1
LF:2
LH:2
BRF:0
BRH:0
end_of_record
TN:
SF:src/validators/workouts.validator.ts
FNF:0
FNH:0
DA:1,1
DA:3,1
LF:2
LH:2
BRF:0
BRH:0
end_of_record
